/*C20*/SET SCHEMA PUBLIC
create table stations (station_id bigint generated by default as identity (start with 1), city varchar(255) not null, lat1 double not null, lat2 double not null, line varchar(255), long1 double not null, long2 double not null, station_address varchar(255) not null, station_name varchar(255) not null, transit_network_name varchar(255) not null, primary key (station_id))
/*C21*/SET SCHEMA PUBLIC
INSERT INTO STATIONS VALUES(1,'Salt Lake City',40.545E0,40.543E0,'Blue',-111.8779E0,-111.879E0,'361 East 11400 South Sandy UT 84070','Crescent View','TRAX')
COMMIT
INSERT INTO STATIONS VALUES(2,'Salt Lake City',40.7259E0,40.7218E0,'Red',-111.8975E0,-111.896E0,'2100 S 221 W Salt Lake City UT 84101','Central Pointe','TRAX')
COMMIT
INSERT INTO STATIONS VALUES(3,'Salt Lake City',40.655E0,40.665E0,'Red',-111.8939E0,-111.898E0,'Vine St. & Cottonwood St. Murray UT 84107','Murray Central','TRAX')
COMMIT
INSERT INTO STATIONS VALUES(4,'Salt Lake City',40.7604E0,40.7578E0,'Red',-111.8905E0,-111.8915E0,'450 South Main Street Salt Lake City UT 84111','Courthouse','TRAX')
COMMIT
DISCONNECT
/*C20*/DISCONNECT
/*C19*/SET SCHEMA PUBLIC
DISCONNECT
/*C18*/SET SCHEMA PUBLIC
DISCONNECT
/*C17*/SET SCHEMA PUBLIC
DISCONNECT
/*C16*/SET SCHEMA PUBLIC
DISCONNECT
/*C15*/SET SCHEMA PUBLIC
DISCONNECT
/*C14*/SET SCHEMA PUBLIC
DISCONNECT
/*C13*/SET SCHEMA PUBLIC
DISCONNECT
/*C12*/SET SCHEMA PUBLIC
DISCONNECT
